<?xml version="1.0" encoding="UTF-8"?>
<!-- Generated by org.testng.reporters.JUnitXMLReporter -->
<testsuite hostname="matt.mit" name="Default test" tests="1" failures="1" timestamp="26 May 2012 05:54:16 GMT" time="30.588" errors="0">
  <testcase name="testXlsxData" time="28.399" classname="au.com.onegeek.lambda.parser.XlsxImportTest">
    <failure type="org.openqa.selenium.remote.UnreachableBrowserException" message="Error communicating with the remote browser. It may have died.
Build info: version: &amp;apos;2.2.1&amp;apos;, revision: &amp;apos;16551&amp;apos;, time: &amp;apos;2012-04-11 21:42:35&amp;apos;
System info: os.name: &amp;apos;Mac OS X&amp;apos;, os.arch: &amp;apos;x86_64&amp;apos;, os.version: &amp;apos;10.7.3&amp;apos;, java.version: &amp;apos;1.6.0_31&amp;apos;
Driver info: driver.version: RemoteWebDriver">
      <![CDATA[org.openqa.selenium.remote.UnreachableBrowserException: Error communicating with the remote browser. It may have died.
Build info: version: '2.2.1', revision: '16551', time: '2012-04-11 21:42:35'
System info: os.name: 'Mac OS X', os.arch: 'x86_64', os.version: '10.7.3', java.version: '1.6.0_31'
Driver info: driver.version: RemoteWebDriver
	at org.openqa.selenium.remote.RemoteWebDriver.execute(RemoteWebDriver.java:454)
	at org.openqa.selenium.remote.RemoteWebDriver.execute(RemoteWebDriver.java:463)
	at org.openqa.selenium.remote.RemoteWebDriver.quit(RemoteWebDriver.java:331)
	at au.com.onegeek.lambda.core.Lambda.shutdown(Lambda.java:419)
	at au.com.onegeek.lambda.core.Lambda.run(Lambda.java:404)
	at au.com.onegeek.lambda.parser.XlsxImportTest.testXlsxData(XlsxImportTest.java:55)
	at sun.reflect.NativeMethodAccessorImpl.invoke0(Native Method)
	at sun.reflect.NativeMethodAccessorImpl.invoke(NativeMethodAccessorImpl.java:39)
	at sun.reflect.DelegatingMethodAccessorImpl.invoke(DelegatingMethodAccessorImpl.java:25)
	at java.lang.reflect.Method.invoke(Method.java:597)
	at org.testng.internal.MethodInvocationHelper.invokeMethod(MethodInvocationHelper.java:80)
	at org.testng.internal.MethodInvocationHelper$1.runTestMethod(MethodInvocationHelper.java:169)
	at org.springframework.test.context.testng.AbstractTestNGSpringContextTests.run(AbstractTestNGSpringContextTests.java:158)
	at sun.reflect.NativeMethodAccessorImpl.invoke0(Native Method)
	at sun.reflect.NativeMethodAccessorImpl.invoke(NativeMethodAccessorImpl.java:39)
	at sun.reflect.DelegatingMethodAccessorImpl.invoke(DelegatingMethodAccessorImpl.java:25)
	at java.lang.reflect.Method.invoke(Method.java:597)
	at org.testng.internal.MethodInvocationHelper.invokeHookable(MethodInvocationHelper.java:181)
	at org.testng.internal.Invoker.invokeMethod(Invoker.java:684)
	at org.testng.internal.Invoker.invokeTestMethod(Invoker.java:883)
	at org.testng.internal.Invoker.invokeTestMethods(Invoker.java:1208)
	at org.testng.internal.TestMethodWorker.invokeTestMethods(TestMethodWorker.java:127)
	at org.testng.internal.TestMethodWorker.run(TestMethodWorker.java:111)
	at org.testng.TestRunner.privateRun(TestRunner.java:753)
	at org.testng.TestRunner.run(TestRunner.java:613)
	at org.testng.SuiteRunner.runTest(SuiteRunner.java:334)
	at org.testng.SuiteRunner.runSequentially(SuiteRunner.java:329)
	at org.testng.SuiteRunner.privateRun(SuiteRunner.java:291)
	at org.testng.SuiteRunner.run(SuiteRunner.java:240)
	at org.testng.SuiteRunnerWorker.runSuite(SuiteRunnerWorker.java:52)
	at org.testng.SuiteRunnerWorker.run(SuiteRunnerWorker.java:86)
	at org.testng.TestNG.runSuitesSequentially(TestNG.java:1137)
	at org.testng.TestNG.runSuitesLocally(TestNG.java:1062)
	at org.testng.TestNG.run(TestNG.java:974)
	at org.testng.remote.RemoteTestNG.run(RemoteTestNG.java:109)
	at org.testng.remote.RemoteTestNG.initAndRun(RemoteTestNG.java:202)
	at org.testng.remote.RemoteTestNG.main(RemoteTestNG.java:173)
Caused by: org.openqa.selenium.WebDriverException: Session ID may not be null
Build info: version: '2.2.1', revision: '16551', time: '2012-04-11 21:42:35'
System info: os.name: 'Mac OS X', os.arch: 'x86_64', os.version: '10.7.3', java.version: '1.6.0_31'
Driver info: driver.version: RemoteWebDriver
	at org.openqa.selenium.remote.HttpCommandExecutor$CommandInfo.get(HttpCommandExecutor.java:544)
	at org.openqa.selenium.remote.HttpCommandExecutor$CommandInfo.getMethod(HttpCommandExecutor.java:528)
	at org.openqa.selenium.remote.HttpCommandExecutor.execute(HttpCommandExecutor.java:267)
	at org.openqa.selenium.chrome.ChromeCommandExecutor.execute(ChromeCommandExecutor.java:50)
	at org.openqa.selenium.remote.RemoteWebDriver.execute(RemoteWebDriver.java:432)
	... 36 more
]]>
    </failure>
  </testcase>
</testsuite>
