<?xml version="1.0" encoding="UTF-8"?>
<testng-results skipped="0" failed="1" total="1" passed="0">
  <reporter-output>
  </reporter-output>
  <suite name="Default suite" duration-ms="30588" started-at="2012-05-26T15:53:45Z" finished-at="2012-05-26T15:54:16Z">
    <groups>
    </groups>
    <test name="Default test" duration-ms="30588" started-at="2012-05-26T15:53:45Z" finished-at="2012-05-26T15:54:16Z">
      <class name="au.com.onegeek.lambda.parser.XlsxImportTest">
        <test-method status="PASS" signature="springTestContextBeforeTestClass()[pri:0, instance:au.com.onegeek.lambda.parser.XlsxImportTest@356f144c]" name="springTestContextBeforeTestClass" is-config="true" duration-ms="5" started-at="2012-05-26T15:53:45Z" finished-at="2012-05-26T15:53:45Z">
        </test-method>
        <test-method status="PASS" signature="springTestContextPrepareTestInstance()[pri:0, instance:au.com.onegeek.lambda.parser.XlsxImportTest@356f144c]" name="springTestContextPrepareTestInstance" is-config="true" duration-ms="2161" started-at="2012-05-26T15:53:45Z" depends-on-methods="org.springframework.test.context.testng.AbstractTestNGSpringContextTests.springTestContextBeforeTestClass" finished-at="2012-05-26T15:53:47Z">
        </test-method>
        <test-method status="PASS" signature="springTestContextBeforeTestMethod(java.lang.reflect.Method)[pri:0, instance:au.com.onegeek.lambda.parser.XlsxImportTest@356f144c]" name="springTestContextBeforeTestMethod" is-config="true" duration-ms="4" started-at="2012-05-26T15:53:47Z" finished-at="2012-05-26T15:53:47Z">
          <params>
            <param index="0">
              <value>
                <![CDATA[public void au.com.onegeek.lambda.parser.XlsxImportTest.testXlsxData() throws au.com.onegeek.lambda.api.exception.UnableToParseTestsException,au.com.onegeek.lambda.api.exception.UnableToParseDataException,java.io.IOException,au.com.onegeek.lambda.core.exception.ProviderNotFoundException]]>
              </value>
            </param>
          </params>
        </test-method>
        <test-method status="FAIL" signature="testXlsxData()[pri:0, instance:au.com.onegeek.lambda.parser.XlsxImportTest@356f144c]" name="testXlsxData" duration-ms="28399" started-at="2012-05-26T15:53:47Z" finished-at="2012-05-26T15:54:16Z">
          <exception class="org.openqa.selenium.remote.UnreachableBrowserException">
            <message>
              <![CDATA[Error communicating with the remote browser. It may have died.
Build info: version: '2.2.1', revision: '16551', time: '2012-04-11 21:42:35'
System info: os.name: 'Mac OS X', os.arch: 'x86_64', os.version: '10.7.3', java.version: '1.6.0_31'
Driver info: driver.version: RemoteWebDriver]]>
            </message>
            <full-stacktrace>
              <![CDATA[org.openqa.selenium.remote.UnreachableBrowserException: Error communicating with the remote browser. It may have died.
Build info: version: '2.2.1', revision: '16551', time: '2012-04-11 21:42:35'
System info: os.name: 'Mac OS X', os.arch: 'x86_64', os.version: '10.7.3', java.version: '1.6.0_31'
Driver info: driver.version: RemoteWebDriver
	at org.openqa.selenium.remote.RemoteWebDriver.execute(RemoteWebDriver.java:454)
	at org.openqa.selenium.remote.RemoteWebDriver.execute(RemoteWebDriver.java:463)
	at org.openqa.selenium.remote.RemoteWebDriver.quit(RemoteWebDriver.java:331)
	at au.com.onegeek.lambda.core.Lambda.shutdown(Lambda.java:419)
	at au.com.onegeek.lambda.core.Lambda.run(Lambda.java:404)
	at au.com.onegeek.lambda.parser.XlsxImportTest.testXlsxData(XlsxImportTest.java:55)
	at sun.reflect.NativeMethodAccessorImpl.invoke0(Native Method)
	at sun.reflect.NativeMethodAccessorImpl.invoke(NativeMethodAccessorImpl.java:39)
	at sun.reflect.DelegatingMethodAccessorImpl.invoke(DelegatingMethodAccessorImpl.java:25)
	at java.lang.reflect.Method.invoke(Method.java:597)
	at org.testng.internal.MethodInvocationHelper.invokeMethod(MethodInvocationHelper.java:80)
	at org.testng.internal.MethodInvocationHelper$1.runTestMethod(MethodInvocationHelper.java:169)
	at org.springframework.test.context.testng.AbstractTestNGSpringContextTests.run(AbstractTestNGSpringContextTests.java:158)
	at sun.reflect.NativeMethodAccessorImpl.invoke0(Native Method)
	at sun.reflect.NativeMethodAccessorImpl.invoke(NativeMethodAccessorImpl.java:39)
	at sun.reflect.DelegatingMethodAccessorImpl.invoke(DelegatingMethodAccessorImpl.java:25)
	at java.lang.reflect.Method.invoke(Method.java:597)
	at org.testng.internal.MethodInvocationHelper.invokeHookable(MethodInvocationHelper.java:181)
	at org.testng.internal.Invoker.invokeMethod(Invoker.java:684)
	at org.testng.internal.Invoker.invokeTestMethod(Invoker.java:883)
	at org.testng.internal.Invoker.invokeTestMethods(Invoker.java:1208)
	at org.testng.internal.TestMethodWorker.invokeTestMethods(TestMethodWorker.java:127)
	at org.testng.internal.TestMethodWorker.run(TestMethodWorker.java:111)
	at org.testng.TestRunner.privateRun(TestRunner.java:753)
	at org.testng.TestRunner.run(TestRunner.java:613)
	at org.testng.SuiteRunner.runTest(SuiteRunner.java:334)
	at org.testng.SuiteRunner.runSequentially(SuiteRunner.java:329)
	at org.testng.SuiteRunner.privateRun(SuiteRunner.java:291)
	at org.testng.SuiteRunner.run(SuiteRunner.java:240)
	at org.testng.SuiteRunnerWorker.runSuite(SuiteRunnerWorker.java:52)
	at org.testng.SuiteRunnerWorker.run(SuiteRunnerWorker.java:86)
	at org.testng.TestNG.runSuitesSequentially(TestNG.java:1137)
	at org.testng.TestNG.runSuitesLocally(TestNG.java:1062)
	at org.testng.TestNG.run(TestNG.java:974)
	at org.testng.remote.RemoteTestNG.run(RemoteTestNG.java:109)
	at org.testng.remote.RemoteTestNG.initAndRun(RemoteTestNG.java:202)
	at org.testng.remote.RemoteTestNG.main(RemoteTestNG.java:173)
Caused by: org.openqa.selenium.WebDriverException: Session ID may not be null
Build info: version: '2.2.1', revision: '16551', time: '2012-04-11 21:42:35'
System info: os.name: 'Mac OS X', os.arch: 'x86_64', os.version: '10.7.3', java.version: '1.6.0_31'
Driver info: driver.version: RemoteWebDriver
	at org.openqa.selenium.remote.HttpCommandExecutor$CommandInfo.get(HttpCommandExecutor.java:544)
	at org.openqa.selenium.remote.HttpCommandExecutor$CommandInfo.getMethod(HttpCommandExecutor.java:528)
	at org.openqa.selenium.remote.HttpCommandExecutor.execute(HttpCommandExecutor.java:267)
	at org.openqa.selenium.chrome.ChromeCommandExecutor.execute(ChromeCommandExecutor.java:50)
	at org.openqa.selenium.remote.RemoteWebDriver.execute(RemoteWebDriver.java:432)
	... 36 more
]]>
            </full-stacktrace>
          </exception>
        </test-method>
        <test-method status="PASS" signature="springTestContextAfterTestMethod(java.lang.reflect.Method)[pri:0, instance:au.com.onegeek.lambda.parser.XlsxImportTest@356f144c]" name="springTestContextAfterTestMethod" is-config="true" duration-ms="0" started-at="2012-05-26T15:54:16Z" finished-at="2012-05-26T15:54:16Z">
          <params>
            <param index="0">
              <value>
                <![CDATA[public void au.com.onegeek.lambda.parser.XlsxImportTest.testXlsxData() throws au.com.onegeek.lambda.api.exception.UnableToParseTestsException,au.com.onegeek.lambda.api.exception.UnableToParseDataException,java.io.IOException,au.com.onegeek.lambda.core.exception.ProviderNotFoundException]]>
              </value>
            </param>
          </params>
        </test-method>
        <test-method status="PASS" signature="springTestContextAfterTestClass()[pri:0, instance:au.com.onegeek.lambda.parser.XlsxImportTest@356f144c]" name="springTestContextAfterTestClass" is-config="true" duration-ms="0" started-at="2012-05-26T15:54:16Z" finished-at="2012-05-26T15:54:16Z">
        </test-method>
      </class>
    </test>
  </suite>
</testng-results>
